2023-08-30 01:05:26,136 INFO werkzeug MainThread : [31m[1mWARNING: This is a development server. Do not use it in a production deployment. Use a production WSGI server instead.[0m
 * Running on http://127.0.0.1:5000
2023-08-30 01:05:26,136 INFO werkzeug MainThread : [33mPress CTRL+C to quit[0m
2023-08-30 01:05:26,136 INFO werkzeug MainThread :  * Restarting with stat
2023-08-30 01:05:26,995 WARNING werkzeug MainThread :  * Debugger is active!
2023-08-30 01:05:27,011 INFO werkzeug MainThread :  * Debugger PIN: 205-260-613
2023-08-30 01:06:19,978 INFO werkzeug MainThread :  * Detected change in 'C:\\Users\\Dipesh\\Desktop\\Codebase\\drivekraft-app-backend\\drivekraft-app-backend\\app.py', reloading
2023-08-30 01:06:20,086 INFO werkzeug MainThread :  * Restarting with stat
2023-08-30 01:11:52,313 INFO werkzeug MainThread : [31m[1mWARNING: This is a development server. Do not use it in a production deployment. Use a production WSGI server instead.[0m
 * Running on http://127.0.0.1:5000
2023-08-30 01:11:52,313 INFO werkzeug MainThread : [33mPress CTRL+C to quit[0m
2023-08-30 01:11:52,316 INFO werkzeug MainThread :  * Restarting with stat
2023-08-30 01:11:53,079 WARNING werkzeug MainThread :  * Debugger is active!
2023-08-30 01:11:53,083 INFO werkzeug MainThread :  * Debugger PIN: 205-260-613
2023-08-30 01:19:57,493 INFO werkzeug MainThread : [31m[1mWARNING: This is a development server. Do not use it in a production deployment. Use a production WSGI server instead.[0m
 * Running on http://127.0.0.1:5000
2023-08-30 01:19:57,493 INFO werkzeug MainThread : [33mPress CTRL+C to quit[0m
2023-08-30 01:19:57,493 INFO werkzeug MainThread :  * Restarting with stat
2023-08-30 01:19:58,259 WARNING werkzeug MainThread :  * Debugger is active!
2023-08-30 01:19:58,264 INFO werkzeug MainThread :  * Debugger PIN: 205-260-613
2023-08-30 01:20:33,103 INFO werkzeug Thread-2 (process_request_thread) : 127.0.0.1 - - [30/Aug/2023 01:20:33] "[35m[1mPOST /api/login-send-otp HTTP/1.1[0m" 500 -
2023-08-30 01:21:45,141 INFO werkzeug MainThread :  * Detected change in 'C:\\Users\\Dipesh\\Desktop\\Codebase\\drivekraft-app-backend\\drivekraft-app-backend\\otp\\otpService.py', reloading
2023-08-30 01:21:45,226 INFO werkzeug MainThread :  * Restarting with stat
2023-08-30 01:21:46,178 WARNING werkzeug MainThread :  * Debugger is active!
2023-08-30 01:21:46,183 INFO werkzeug MainThread :  * Debugger PIN: 205-260-613
2023-08-30 01:21:56,402 INFO werkzeug MainThread :  * Detected change in 'C:\\Users\\Dipesh\\Desktop\\Codebase\\drivekraft-app-backend\\drivekraft-app-backend\\otp\\otpService.py', reloading
2023-08-30 01:21:56,494 INFO werkzeug MainThread :  * Restarting with stat
2023-08-30 01:21:57,300 WARNING werkzeug MainThread :  * Debugger is active!
2023-08-30 01:21:57,301 INFO werkzeug MainThread :  * Debugger PIN: 205-260-613
2023-08-30 01:21:59,381 INFO werkzeug MainThread :  * Detected change in 'C:\\Users\\Dipesh\\Desktop\\Codebase\\drivekraft-app-backend\\drivekraft-app-backend\\otp\\otpService.py', reloading
2023-08-30 01:21:59,463 INFO werkzeug MainThread :  * Restarting with stat
2023-08-30 01:22:00,335 WARNING werkzeug MainThread :  * Debugger is active!
2023-08-30 01:22:00,343 INFO werkzeug MainThread :  * Debugger PIN: 205-260-613
2023-08-30 01:22:30,958 INFO werkzeug MainThread : [31m[1mWARNING: This is a development server. Do not use it in a production deployment. Use a production WSGI server instead.[0m
 * Running on http://127.0.0.1:5000
2023-08-30 01:22:30,958 INFO werkzeug MainThread : [33mPress CTRL+C to quit[0m
2023-08-30 01:22:30,961 INFO werkzeug MainThread :  * Restarting with stat
2023-08-30 01:22:31,855 WARNING werkzeug MainThread :  * Debugger is active!
2023-08-30 01:22:31,861 INFO werkzeug MainThread :  * Debugger PIN: 205-260-613
2023-08-30 01:22:33,906 DEBUG urllib3.connectionpool Thread-2 (process_request_thread) : Starting new HTTPS connection (1): api.chat-api.com:443
2023-08-30 01:22:35,284 DEBUG urllib3.connectionpool Thread-2 (process_request_thread) : https://api.chat-api.com:443 "POST /instance294124/sendTemplate?token=bfllgpii7xqb42zq HTTP/1.1" 200 None
2023-08-30 01:22:35,289 INFO root Thread-2 (process_request_thread) : Template Send to 918284990439
2023-08-30 01:22:35,290 INFO root Thread-2 (process_request_thread) : API resposne : {"sent":true,"message":"Sent to 918284990439@c.us","description":"Message has been sent to the provider","id":"gBEGkYKEmQQ5Agn-OtbMyB8x71o"}
2023-08-30 01:22:35,290 INFO root Thread-2 (process_request_thread) : OTP :  692836 send to user
2023-08-30 01:22:35,489 INFO root Thread-2 (process_request_thread) : user with contact number 918284990439 created
2023-08-30 01:22:35,508 INFO werkzeug Thread-2 (process_request_thread) : 127.0.0.1 - - [30/Aug/2023 01:22:35] "POST /api/login-send-otp HTTP/1.1" 200 -
2023-08-30 01:23:25,042 DEBUG urllib3.connectionpool Thread-3 (process_request_thread) : Starting new HTTPS connection (1): api.chat-api.com:443
2023-08-30 01:23:26,222 DEBUG urllib3.connectionpool Thread-3 (process_request_thread) : https://api.chat-api.com:443 "POST /instance294124/sendTemplate?token=bfllgpii7xqb42zq HTTP/1.1" 200 None
2023-08-30 01:23:26,226 INFO root Thread-3 (process_request_thread) : Template Send to 918284990439
2023-08-30 01:23:26,226 INFO root Thread-3 (process_request_thread) : API resposne : {"sent":true,"message":"Sent to 918284990439@c.us","description":"Message has been sent to the provider","id":"gBEGkYKEmQQ5Agm01EQtNB3OL1g"}
2023-08-30 01:23:26,226 INFO root Thread-3 (process_request_thread) : OTP :  854620 send to user
2023-08-30 01:23:26,252 INFO werkzeug Thread-3 (process_request_thread) : 127.0.0.1 - - [30/Aug/2023 01:23:26] "POST /api/login-send-otp HTTP/1.1" 200 -
2023-08-30 01:23:42,129 DEBUG urllib3.connectionpool Thread-4 (process_request_thread) : Starting new HTTPS connection (1): api.chat-api.com:443
2023-08-30 01:23:43,234 DEBUG urllib3.connectionpool Thread-4 (process_request_thread) : https://api.chat-api.com:443 "POST /instance294124/sendTemplate?token=bfllgpii7xqb42zq HTTP/1.1" 200 None
2023-08-30 01:23:43,245 INFO root Thread-4 (process_request_thread) : Template Send to 918284990439
2023-08-30 01:23:43,245 INFO root Thread-4 (process_request_thread) : API resposne : {"sent":true,"message":"Sent to 918284990439@c.us","description":"Message has been sent to the provider","id":"gBEGkYKEmQQ5AgkQWPOkFEBX8dQ"}
2023-08-30 01:23:43,245 INFO root Thread-4 (process_request_thread) : OTP :  626365 send to user
2023-08-30 01:23:43,268 INFO werkzeug Thread-4 (process_request_thread) : 127.0.0.1 - - [30/Aug/2023 01:23:43] "POST /api/login-send-otp HTTP/1.1" 200 -
2023-08-30 01:24:13,964 INFO root Thread-5 (process_request_thread) : 626365
2023-08-30 01:24:13,964 INFO root Thread-5 (process_request_thread) : 626365
2023-08-30 01:24:13,979 INFO root Thread-5 (process_request_thread) : token updated for user with contact number  :  918284990439
2023-08-30 01:24:13,979 INFO werkzeug Thread-5 (process_request_thread) : 127.0.0.1 - - [30/Aug/2023 01:24:13] "POST /api/login HTTP/1.1" 200 -
2023-08-30 01:25:01,553 INFO werkzeug Thread-6 (process_request_thread) : 127.0.0.1 - - [30/Aug/2023 01:25:01] "[35m[1mPOST /api/user/firebase HTTP/1.1[0m" 500 -
2023-08-30 01:25:59,359 INFO werkzeug Thread-7 (process_request_thread) : 127.0.0.1 - - [30/Aug/2023 01:25:59] "[35m[1mPOST /api/user/firebase HTTP/1.1[0m" 500 -
2023-08-30 01:26:10,998 INFO werkzeug MainThread : [31m[1mWARNING: This is a development server. Do not use it in a production deployment. Use a production WSGI server instead.[0m
 * Running on http://127.0.0.1:5000
2023-08-30 01:26:10,998 INFO werkzeug MainThread : [33mPress CTRL+C to quit[0m
2023-08-30 01:26:11,002 INFO werkzeug MainThread :  * Restarting with stat
2023-08-30 01:26:12,928 WARNING werkzeug MainThread :  * Debugger is active!
2023-08-30 01:26:12,938 INFO werkzeug MainThread :  * Debugger PIN: 205-260-613
2023-08-30 01:26:30,361 INFO werkzeug Thread-6 (process_request_thread) : 127.0.0.1 - - [30/Aug/2023 01:26:30] "[35m[1mPOST /api/user/firebase HTTP/1.1[0m" 500 -
2023-08-30 01:27:00,354 INFO werkzeug MainThread : [31m[1mWARNING: This is a development server. Do not use it in a production deployment. Use a production WSGI server instead.[0m
 * Running on http://127.0.0.1:5000
2023-08-30 01:27:00,355 INFO werkzeug MainThread : [33mPress CTRL+C to quit[0m
2023-08-30 01:27:00,355 INFO werkzeug MainThread :  * Restarting with stat
2023-08-30 01:27:02,751 WARNING werkzeug MainThread :  * Debugger is active!
2023-08-30 01:27:02,767 INFO werkzeug MainThread :  * Debugger PIN: 205-260-613
2023-08-30 01:27:44,018 INFO werkzeug MainThread : [31m[1mWARNING: This is a development server. Do not use it in a production deployment. Use a production WSGI server instead.[0m
 * Running on http://127.0.0.1:5000
2023-08-30 01:27:44,018 INFO werkzeug MainThread : [33mPress CTRL+C to quit[0m
2023-08-30 01:27:44,021 INFO werkzeug MainThread :  * Restarting with stat
2023-08-30 01:27:44,926 WARNING werkzeug MainThread :  * Debugger is active!
2023-08-30 01:27:44,931 INFO werkzeug MainThread :  * Debugger PIN: 205-260-613
2023-08-30 01:27:49,090 INFO root Thread-2 (process_request_thread) : user with user id 1 updated
2023-08-30 01:27:49,151 INFO werkzeug Thread-2 (process_request_thread) : 127.0.0.1 - - [30/Aug/2023 01:27:49] "[35m[1mPOST /api/user/firebase HTTP/1.1[0m" 500 -
2023-08-30 01:28:25,026 INFO werkzeug MainThread : [31m[1mWARNING: This is a development server. Do not use it in a production deployment. Use a production WSGI server instead.[0m
 * Running on http://127.0.0.1:5000
2023-08-30 01:28:25,029 INFO werkzeug MainThread : [33mPress CTRL+C to quit[0m
2023-08-30 01:28:25,036 INFO werkzeug MainThread :  * Restarting with stat
2023-08-30 01:28:27,471 WARNING werkzeug MainThread :  * Debugger is active!
2023-08-30 01:28:27,481 INFO werkzeug MainThread :  * Debugger PIN: 205-260-613
2023-08-30 01:28:33,585 INFO root Thread-6 (process_request_thread) : user with user id 1 updated
2023-08-30 01:29:42,135 INFO werkzeug MainThread : [31m[1mWARNING: This is a development server. Do not use it in a production deployment. Use a production WSGI server instead.[0m
 * Running on http://127.0.0.1:5000
2023-08-30 01:29:42,136 INFO werkzeug MainThread : [33mPress CTRL+C to quit[0m
2023-08-30 01:29:42,138 INFO werkzeug MainThread :  * Restarting with stat
2023-08-30 01:29:42,959 WARNING werkzeug MainThread :  * Debugger is active!
2023-08-30 01:29:42,965 INFO werkzeug MainThread :  * Debugger PIN: 205-260-613
2023-08-30 01:29:49,699 INFO root Thread-2 (process_request_thread) : user with user id 1 updated
2023-08-30 01:29:49,722 INFO werkzeug Thread-2 (process_request_thread) : 127.0.0.1 - - [30/Aug/2023 01:29:49] "[35m[1mPOST /api/user/firebase HTTP/1.1[0m" 500 -
2023-08-30 01:30:01,537 INFO werkzeug MainThread : [31m[1mWARNING: This is a development server. Do not use it in a production deployment. Use a production WSGI server instead.[0m
 * Running on http://127.0.0.1:5000
2023-08-30 01:30:01,543 INFO werkzeug MainThread : [33mPress CTRL+C to quit[0m
2023-08-30 01:30:01,546 INFO werkzeug MainThread :  * Restarting with stat
2023-08-30 01:30:03,690 WARNING werkzeug MainThread :  * Debugger is active!
2023-08-30 01:30:03,699 INFO werkzeug MainThread :  * Debugger PIN: 205-260-613
2023-08-30 01:30:07,771 INFO root Thread-6 (process_request_thread) : user with user id 1 updated
2023-08-30 01:34:29,633 INFO werkzeug MainThread : [31m[1mWARNING: This is a development server. Do not use it in a production deployment. Use a production WSGI server instead.[0m
 * Running on http://127.0.0.1:5000
2023-08-30 01:34:29,633 INFO werkzeug MainThread : [33mPress CTRL+C to quit[0m
2023-08-30 01:34:29,637 INFO werkzeug MainThread :  * Restarting with stat
2023-08-30 01:34:30,604 WARNING werkzeug MainThread :  * Debugger is active!
2023-08-30 01:34:30,609 INFO werkzeug MainThread :  * Debugger PIN: 205-260-613
2023-08-30 01:34:33,130 INFO root Thread-2 (process_request_thread) : user with user id 1 updated
2023-08-30 01:34:33,138 INFO werkzeug Thread-2 (process_request_thread) : 127.0.0.1 - - [30/Aug/2023 01:34:33] "POST /api/user/firebase HTTP/1.1" 200 -
2023-08-30 01:34:55,700 INFO werkzeug MainThread : [31m[1mWARNING: This is a development server. Do not use it in a production deployment. Use a production WSGI server instead.[0m
 * Running on http://127.0.0.1:5000
2023-08-30 01:34:55,700 INFO werkzeug MainThread : [33mPress CTRL+C to quit[0m
2023-08-30 01:34:55,711 INFO werkzeug MainThread :  * Restarting with stat
2023-08-30 01:34:57,924 WARNING werkzeug MainThread :  * Debugger is active!
2023-08-30 01:34:57,929 INFO werkzeug MainThread :  * Debugger PIN: 205-260-613
2023-08-30 01:35:16,259 INFO root Thread-6 (process_request_thread) : user with user id 1 updated
2023-08-30 19:21:16,764 INFO werkzeug MainThread : [31m[1mWARNING: This is a development server. Do not use it in a production deployment. Use a production WSGI server instead.[0m
 * Running on http://127.0.0.1:5000
2023-08-30 19:21:16,764 INFO werkzeug MainThread : [33mPress CTRL+C to quit[0m
2023-08-30 19:21:16,767 INFO werkzeug MainThread :  * Restarting with stat
2023-08-30 19:21:17,433 WARNING werkzeug MainThread :  * Debugger is active!
2023-08-30 19:21:17,440 INFO werkzeug MainThread :  * Debugger PIN: 205-260-613
2023-08-30 19:21:21,212 INFO werkzeug Thread-2 (process_request_thread) : 127.0.0.1 - - [30/Aug/2023 19:21:21] "[35m[1mGET /api/user HTTP/1.1[0m" 500 -
2023-08-30 19:21:56,650 INFO werkzeug MainThread : [31m[1mWARNING: This is a development server. Do not use it in a production deployment. Use a production WSGI server instead.[0m
 * Running on http://127.0.0.1:5000
2023-08-30 19:21:56,650 INFO werkzeug MainThread : [33mPress CTRL+C to quit[0m
2023-08-30 19:21:56,658 INFO werkzeug MainThread :  * Restarting with stat
2023-08-30 19:21:59,050 WARNING werkzeug MainThread :  * Debugger is active!
2023-08-30 19:21:59,064 INFO werkzeug MainThread :  * Debugger PIN: 205-260-613
2023-08-30 19:22:47,469 INFO werkzeug MainThread : [31m[1mWARNING: This is a development server. Do not use it in a production deployment. Use a production WSGI server instead.[0m
 * Running on http://127.0.0.1:5000
2023-08-30 19:22:47,469 INFO werkzeug MainThread : [33mPress CTRL+C to quit[0m
2023-08-30 19:22:47,473 INFO werkzeug MainThread :  * Restarting with stat
2023-08-30 19:22:48,258 WARNING werkzeug MainThread :  * Debugger is active!
2023-08-30 19:22:48,261 INFO werkzeug MainThread :  * Debugger PIN: 205-260-613
2023-08-30 19:22:48,823 INFO werkzeug Thread-2 (process_request_thread) : 127.0.0.1 - - [30/Aug/2023 19:22:48] "[35m[1mGET /api/user HTTP/1.1[0m" 500 -
2023-08-30 19:22:58,880 INFO werkzeug MainThread : [31m[1mWARNING: This is a development server. Do not use it in a production deployment. Use a production WSGI server instead.[0m
 * Running on http://127.0.0.1:5000
2023-08-30 19:22:58,880 INFO werkzeug MainThread : [33mPress CTRL+C to quit[0m
2023-08-30 19:22:58,892 INFO werkzeug MainThread :  * Restarting with stat
2023-08-30 19:23:00,778 WARNING werkzeug MainThread :  * Debugger is active!
2023-08-30 19:23:00,778 INFO werkzeug MainThread :  * Debugger PIN: 205-260-613
2023-08-30 19:24:04,211 INFO werkzeug MainThread : [31m[1mWARNING: This is a development server. Do not use it in a production deployment. Use a production WSGI server instead.[0m
 * Running on http://127.0.0.1:5000
2023-08-30 19:24:04,212 INFO werkzeug MainThread : [33mPress CTRL+C to quit[0m
2023-08-30 19:24:04,215 INFO werkzeug MainThread :  * Restarting with stat
2023-08-30 19:24:05,146 WARNING werkzeug MainThread :  * Debugger is active!
2023-08-30 19:24:05,152 INFO werkzeug MainThread :  * Debugger PIN: 205-260-613
2023-08-30 19:24:07,652 INFO werkzeug Thread-2 (process_request_thread) : 127.0.0.1 - - [30/Aug/2023 19:24:07] "GET /api/user HTTP/1.1" 200 -
2023-08-30 21:51:22,441 INFO werkzeug MainThread : [31m[1mWARNING: This is a development server. Do not use it in a production deployment. Use a production WSGI server instead.[0m
 * Running on http://127.0.0.1:5000
2023-08-30 21:51:22,441 INFO werkzeug MainThread : [33mPress CTRL+C to quit[0m
2023-08-30 21:51:22,444 INFO werkzeug MainThread :  * Restarting with stat
2023-08-30 21:51:23,261 WARNING werkzeug MainThread :  * Debugger is active!
2023-08-30 21:51:23,272 INFO werkzeug MainThread :  * Debugger PIN: 205-260-613
2023-08-30 21:51:52,314 INFO werkzeug Thread-2 (process_request_thread) : 127.0.0.1 - - [30/Aug/2023 21:51:52] "[35m[1mPOST /api/session/book/request HTTP/1.1[0m" 500 -
2023-08-30 21:52:54,893 INFO werkzeug MainThread :  * Detected change in 'C:\\Users\\Dipesh\\Desktop\\Codebase\\drivekraft-app-backend\\drivekraft-app-backend\\sessionRequest\\sessionRequestDao.py', reloading
2023-08-30 21:52:54,977 INFO werkzeug MainThread :  * Restarting with stat
2023-08-30 21:52:55,911 WARNING werkzeug MainThread :  * Debugger is active!
2023-08-30 21:52:55,918 INFO werkzeug MainThread :  * Debugger PIN: 205-260-613
2023-08-30 21:53:05,154 INFO werkzeug MainThread :  * Detected change in 'C:\\Users\\Dipesh\\Desktop\\Codebase\\drivekraft-app-backend\\drivekraft-app-backend\\sessionRequest\\sessionRequestDao.py', reloading
2023-08-30 21:53:05,247 INFO werkzeug MainThread :  * Restarting with stat
2023-08-30 21:53:06,104 WARNING werkzeug MainThread :  * Debugger is active!
2023-08-30 21:53:06,108 INFO werkzeug MainThread :  * Debugger PIN: 205-260-613
2023-08-30 21:53:11,609 INFO werkzeug MainThread : [31m[1mWARNING: This is a development server. Do not use it in a production deployment. Use a production WSGI server instead.[0m
 * Running on http://127.0.0.1:5000
2023-08-30 21:53:11,609 INFO werkzeug MainThread : [33mPress CTRL+C to quit[0m
2023-08-30 21:53:11,613 INFO werkzeug MainThread :  * Restarting with stat
2023-08-30 21:53:12,444 WARNING werkzeug MainThread :  * Debugger is active!
2023-08-30 21:53:12,449 INFO werkzeug MainThread :  * Debugger PIN: 205-260-613
2023-08-30 21:53:15,288 INFO root Thread-2 (process_request_thread) : request created with useId : 2 and listnerId : 1
2023-08-30 21:53:15,289 INFO werkzeug Thread-2 (process_request_thread) : 127.0.0.1 - - [30/Aug/2023 21:53:15] "POST /api/session/book/request HTTP/1.1" 200 -
2023-08-30 21:54:28,082 INFO werkzeug MainThread : [31m[1mWARNING: This is a development server. Do not use it in a production deployment. Use a production WSGI server instead.[0m
 * Running on http://127.0.0.1:5000
2023-08-30 21:54:28,082 INFO werkzeug MainThread : [33mPress CTRL+C to quit[0m
2023-08-30 21:54:28,084 INFO werkzeug MainThread :  * Restarting with stat
2023-08-30 21:54:29,306 WARNING werkzeug MainThread :  * Debugger is active!
2023-08-30 21:54:29,313 INFO werkzeug MainThread :  * Debugger PIN: 205-260-613
2023-08-30 21:54:32,848 INFO werkzeug Thread-2 (process_request_thread) : 127.0.0.1 - - [30/Aug/2023 21:54:32] "[35m[1mPOST /api/session/book/request HTTP/1.1[0m" 500 -
2023-08-30 21:54:45,968 INFO root Thread-3 (process_request_thread) : request created with useId : 2 and listnerId : 1
2023-08-30 21:54:45,968 INFO werkzeug Thread-3 (process_request_thread) : 127.0.0.1 - - [30/Aug/2023 21:54:45] "POST /api/session/book/request HTTP/1.1" 200 -
2023-08-30 21:55:36,213 INFO werkzeug MainThread : [31m[1mWARNING: This is a development server. Do not use it in a production deployment. Use a production WSGI server instead.[0m
 * Running on http://127.0.0.1:5000
2023-08-30 21:55:36,213 INFO werkzeug MainThread : [33mPress CTRL+C to quit[0m
2023-08-30 21:55:36,216 INFO werkzeug MainThread :  * Restarting with stat
2023-08-30 21:55:37,122 WARNING werkzeug MainThread :  * Debugger is active!
2023-08-30 21:55:37,129 INFO werkzeug MainThread :  * Debugger PIN: 205-260-613
2023-08-30 21:55:40,009 INFO root Thread-2 (process_request_thread) : request created with useId : 2 and listnerId : 1
2023-08-30 21:55:40,010 INFO werkzeug Thread-2 (process_request_thread) : 127.0.0.1 - - [30/Aug/2023 21:55:40] "POST /api/session/book/request HTTP/1.1" 200 -
2023-08-30 21:56:00,446 INFO root Thread-3 (process_request_thread) : request created with useId : 2 and listnerId : 1
2023-08-30 21:56:00,453 INFO werkzeug Thread-3 (process_request_thread) : 127.0.0.1 - - [30/Aug/2023 21:56:00] "POST /api/session/book/request HTTP/1.1" 200 -
2023-08-30 21:56:45,248 INFO werkzeug MainThread :  * Detected change in 'C:\\Users\\Dipesh\\Desktop\\Codebase\\drivekraft-app-backend\\drivekraft-app-backend\\sessionRequest\\sessionRequestDao.py', reloading
2023-08-30 21:56:45,327 INFO werkzeug MainThread :  * Restarting with stat
2023-08-30 21:56:46,136 WARNING werkzeug MainThread :  * Debugger is active!
2023-08-30 21:56:46,140 INFO werkzeug MainThread :  * Debugger PIN: 205-260-613
2023-08-30 21:56:50,302 INFO werkzeug MainThread : [31m[1mWARNING: This is a development server. Do not use it in a production deployment. Use a production WSGI server instead.[0m
 * Running on http://127.0.0.1:5000
2023-08-30 21:56:50,302 INFO werkzeug MainThread : [33mPress CTRL+C to quit[0m
2023-08-30 21:56:50,309 INFO werkzeug MainThread :  * Restarting with stat
2023-08-30 21:56:52,400 WARNING werkzeug MainThread :  * Debugger is active!
2023-08-30 21:56:52,415 INFO werkzeug MainThread :  * Debugger PIN: 205-260-613
2023-08-30 21:58:56,360 INFO werkzeug MainThread : [31m[1mWARNING: This is a development server. Do not use it in a production deployment. Use a production WSGI server instead.[0m
 * Running on http://127.0.0.1:5000
2023-08-30 21:58:56,360 INFO werkzeug MainThread : [33mPress CTRL+C to quit[0m
2023-08-30 21:58:56,360 INFO werkzeug MainThread :  * Restarting with stat
2023-08-30 21:58:57,143 WARNING werkzeug MainThread :  * Debugger is active!
2023-08-30 21:58:57,148 INFO werkzeug MainThread :  * Debugger PIN: 205-260-613
2023-08-30 21:59:03,125 INFO root Thread-2 (process_request_thread) : request created with useId : 2 and listnerId : 1
2023-08-30 21:59:03,125 INFO werkzeug Thread-2 (process_request_thread) : 127.0.0.1 - - [30/Aug/2023 21:59:03] "POST /api/session/book/request HTTP/1.1" 200 -
2023-08-30 21:59:19,252 INFO werkzeug MainThread : [31m[1mWARNING: This is a development server. Do not use it in a production deployment. Use a production WSGI server instead.[0m
 * Running on http://127.0.0.1:5000
2023-08-30 21:59:19,252 INFO werkzeug MainThread : [33mPress CTRL+C to quit[0m
2023-08-30 21:59:19,262 INFO werkzeug MainThread :  * Restarting with stat
2023-08-30 21:59:21,402 WARNING werkzeug MainThread :  * Debugger is active!
2023-08-30 21:59:21,413 INFO werkzeug MainThread :  * Debugger PIN: 205-260-613
2023-08-30 22:00:26,219 INFO root Thread-6 (process_request_thread) : request created with useId : 2 and listnerId : 1
2023-08-30 22:04:04,492 INFO werkzeug MainThread : [31m[1mWARNING: This is a development server. Do not use it in a production deployment. Use a production WSGI server instead.[0m
 * Running on http://127.0.0.1:5000
2023-08-30 22:04:04,493 INFO werkzeug MainThread : [33mPress CTRL+C to quit[0m
2023-08-30 22:04:04,495 INFO werkzeug MainThread :  * Restarting with stat
2023-08-30 22:04:05,322 WARNING werkzeug MainThread :  * Debugger is active!
2023-08-30 22:04:05,327 INFO werkzeug MainThread :  * Debugger PIN: 205-260-613
2023-08-30 22:04:12,292 INFO root Thread-2 (process_request_thread) : request created with useId : 2 and listnerId : 1
2023-08-30 22:04:12,292 INFO werkzeug Thread-2 (process_request_thread) : 127.0.0.1 - - [30/Aug/2023 22:04:12] "POST /api/session/book/request HTTP/1.1" 200 -
2023-08-30 22:04:15,481 INFO root Thread-3 (process_request_thread) : request created with useId : 2 and listnerId : 1
2023-08-30 22:04:15,482 INFO werkzeug Thread-3 (process_request_thread) : 127.0.0.1 - - [30/Aug/2023 22:04:15] "POST /api/session/book/request HTTP/1.1" 200 -
2023-08-30 22:04:30,919 INFO werkzeug MainThread : [31m[1mWARNING: This is a development server. Do not use it in a production deployment. Use a production WSGI server instead.[0m
 * Running on http://127.0.0.1:5000
2023-08-30 22:04:30,920 INFO werkzeug MainThread : [33mPress CTRL+C to quit[0m
2023-08-30 22:04:30,926 INFO werkzeug MainThread :  * Restarting with stat
2023-08-30 22:04:33,191 WARNING werkzeug MainThread :  * Debugger is active!
2023-08-30 22:04:33,207 INFO werkzeug MainThread :  * Debugger PIN: 205-260-613
2023-08-30 22:20:43,719 INFO werkzeug MainThread : [31m[1mWARNING: This is a development server. Do not use it in a production deployment. Use a production WSGI server instead.[0m
 * Running on http://127.0.0.1:5000
2023-08-30 22:20:43,726 INFO werkzeug MainThread : [33mPress CTRL+C to quit[0m
2023-08-30 22:20:43,734 INFO werkzeug MainThread :  * Restarting with stat
2023-08-30 22:20:46,083 WARNING werkzeug MainThread :  * Debugger is active!
2023-08-30 22:20:46,098 INFO werkzeug MainThread :  * Debugger PIN: 205-260-613
2023-08-30 22:26:32,273 INFO werkzeug MainThread :  * Detected change in 'C:\\Users\\Dipesh\\Desktop\\Codebase\\drivekraft-app-backend\\drivekraft-app-backend\\sessionRequest\\sessionRequestDao.py', reloading
2023-08-30 22:26:32,472 INFO werkzeug MainThread :  * Restarting with stat
2023-08-30 22:26:35,120 WARNING werkzeug MainThread :  * Debugger is active!
2023-08-30 22:26:35,128 INFO werkzeug MainThread :  * Debugger PIN: 205-260-613
2023-08-30 22:26:44,505 INFO werkzeug MainThread : [31m[1mWARNING: This is a development server. Do not use it in a production deployment. Use a production WSGI server instead.[0m
 * Running on http://127.0.0.1:5000
2023-08-30 22:26:44,505 INFO werkzeug MainThread : [33mPress CTRL+C to quit[0m
2023-08-30 22:26:44,508 INFO werkzeug MainThread :  * Restarting with stat
2023-08-30 22:26:45,650 WARNING werkzeug MainThread :  * Debugger is active!
2023-08-30 22:26:45,657 INFO werkzeug MainThread :  * Debugger PIN: 205-260-613
2023-08-30 22:26:52,891 INFO root Thread-2 (process_request_thread) : request created with useId : 2 and listnerId : 1
2023-08-30 22:26:52,893 INFO werkzeug Thread-2 (process_request_thread) : 127.0.0.1 - - [30/Aug/2023 22:26:52] "POST /api/session/book/request HTTP/1.1" 200 -
2023-08-30 22:28:22,385 INFO werkzeug MainThread :  * Detected change in 'C:\\Users\\Dipesh\\Desktop\\Codebase\\drivekraft-app-backend\\drivekraft-app-backend\\sessionRequest\\sessionRequestDao.py', reloading
2023-08-30 22:28:22,491 INFO werkzeug MainThread :  * Restarting with stat
2023-08-30 22:28:23,475 WARNING werkzeug MainThread :  * Debugger is active!
2023-08-30 22:28:23,480 INFO werkzeug MainThread :  * Debugger PIN: 205-260-613
2023-08-30 22:28:47,960 INFO werkzeug MainThread :  * Detected change in 'C:\\Users\\Dipesh\\Desktop\\Codebase\\drivekraft-app-backend\\drivekraft-app-backend\\sessionRequest\\sessionRequestDao.py', reloading
2023-08-30 22:28:48,068 INFO werkzeug MainThread :  * Restarting with stat
2023-08-30 22:28:48,955 WARNING werkzeug MainThread :  * Debugger is active!
2023-08-30 22:28:48,960 INFO werkzeug MainThread :  * Debugger PIN: 205-260-613
2023-08-30 22:50:12,165 INFO werkzeug MainThread : [31m[1mWARNING: This is a development server. Do not use it in a production deployment. Use a production WSGI server instead.[0m
 * Running on http://127.0.0.1:5000
2023-08-30 22:50:12,165 INFO werkzeug MainThread : [33mPress CTRL+C to quit[0m
2023-08-30 22:50:12,167 INFO werkzeug MainThread :  * Restarting with stat
2023-08-30 22:50:13,141 WARNING werkzeug MainThread :  * Debugger is active!
2023-08-30 22:50:13,147 INFO werkzeug MainThread :  * Debugger PIN: 205-260-613
2023-08-30 22:52:06,343 INFO werkzeug MainThread :  * Detected change in 'C:\\Users\\Dipesh\\Desktop\\Codebase\\drivekraft-app-backend\\drivekraft-app-backend\\sessionRequest\\sessionRequestDao.py', reloading
2023-08-30 22:52:06,426 INFO werkzeug MainThread :  * Restarting with stat
2023-08-30 22:52:07,380 WARNING werkzeug MainThread :  * Debugger is active!
2023-08-30 22:52:07,386 INFO werkzeug MainThread :  * Debugger PIN: 205-260-613
2023-08-30 22:52:10,908 INFO werkzeug MainThread : [31m[1mWARNING: This is a development server. Do not use it in a production deployment. Use a production WSGI server instead.[0m
 * Running on http://127.0.0.1:5000
2023-08-30 22:52:10,908 INFO werkzeug MainThread : [33mPress CTRL+C to quit[0m
2023-08-30 22:52:10,911 INFO werkzeug MainThread :  * Restarting with stat
2023-08-30 22:52:11,852 WARNING werkzeug MainThread :  * Debugger is active!
2023-08-30 22:52:11,860 INFO werkzeug MainThread :  * Debugger PIN: 205-260-613
2023-08-30 22:52:17,519 INFO root Thread-2 (process_request_thread) : request created with useId : 2 and listnerId : 1
2023-08-30 22:52:17,519 INFO werkzeug Thread-2 (process_request_thread) : 127.0.0.1 - - [30/Aug/2023 22:52:17] "POST /api/session/book/request HTTP/1.1" 200 -
2023-08-30 22:52:38,349 INFO werkzeug MainThread :  * Detected change in 'C:\\Users\\Dipesh\\Desktop\\Codebase\\drivekraft-app-backend\\drivekraft-app-backend\\sessionRequest\\sessionRequestDao.py', reloading
2023-08-30 22:52:38,462 INFO werkzeug MainThread :  * Restarting with stat
2023-08-30 22:52:39,298 WARNING werkzeug MainThread :  * Debugger is active!
2023-08-30 22:52:39,302 INFO werkzeug MainThread :  * Debugger PIN: 205-260-613
2023-08-30 22:58:12,528 INFO werkzeug MainThread :  * Detected change in 'C:\\Users\\Dipesh\\Desktop\\Codebase\\drivekraft-app-backend\\drivekraft-app-backend\\sessionRequest\\sessionRequestService.py', reloading
2023-08-30 22:58:12,675 INFO werkzeug MainThread :  * Restarting with stat
2023-08-30 23:10:50,912 INFO werkzeug MainThread : [31m[1mWARNING: This is a development server. Do not use it in a production deployment. Use a production WSGI server instead.[0m
 * Running on http://127.0.0.1:5000
2023-08-30 23:10:50,912 INFO werkzeug MainThread : [33mPress CTRL+C to quit[0m
2023-08-30 23:10:50,915 INFO werkzeug MainThread :  * Restarting with stat
2023-08-30 23:10:51,740 WARNING werkzeug MainThread :  * Debugger is active!
2023-08-30 23:10:51,746 INFO werkzeug MainThread :  * Debugger PIN: 205-260-613
2023-08-30 23:10:55,176 INFO root Thread-2 (process_request_thread) : request created with useId : 3 and listnerId : 220
2023-08-30 23:10:55,176 INFO werkzeug Thread-2 (process_request_thread) : 127.0.0.1 - - [30/Aug/2023 23:10:55] "POST /api/session/book/request HTTP/1.1" 200 -
